Base path: /home/chaperone/Unity/Hub/Editor/2019.1.1f1/Editor/Data
Cmd: initializeCompiler
Cmd: compileComputeKernel
  api=18 insize=1176 outsize=3345 ok=1
Cmd: compileComputeKernel
  api=18 insize=3070 outsize=200317 ok=1
Cmd: compileComputeKernel
  api=15 insize=10881 outsize=22265 ok=1
Cmd: compileComputeKernel
  api=15 insize=4855 outsize=8649 ok=1
Cmd: compileComputeKernel
  api=15 insize=18299 outsize=16557 ok=1
Cmd: compileComputeKernel
  api=15 insize=18299 outsize=25713 ok=1
Cmd: compileComputeKernel
  api=15 insize=1806 outsize=2309 ok=1
Cmd: compileComputeKernel
  api=18 insize=1454 outsize=6817 ok=1
Cmd: compileSnippet
  api=15 type=0 insize=1449 outsize=10370 kw=UNITY_PASS_FORWARDADD POINT _ALPHABLEND_ON pd=UNITY_ENABLE_REFLECTION_BUFFERS UNITY_USE_DITHER_MASK_FOR_ALPHABLENDED_SHADOWS UNITY_PBS_USE_BRDF1 UNITY_SPECCUBE_BOX_PROJECTION UNITY_SPECCUBE_BLENDING UNITY_ENABLE_DETAIL_NORMALMAP SHADER_API_DESKTOP UNITY_COLORSPACE_GAMMA UNITY_LIGHT_PROBE_PROXY_VOLUME UNITY_LIGHTMAP_FULL_HDR ok=1
Cmd: compileSnippet
  api=15 type=1 insize=5896 outsize=0 kw=UNITY_PASS_FORWARDADD POINT pd=UNITY_ENABLE_REFLECTION_BUFFERS UNITY_USE_DITHER_MASK_FOR_ALPHABLENDED_SHADOWS UNITY_PBS_USE_BRDF1 UNITY_SPECCUBE_BOX_PROJECTION UNITY_SPECCUBE_BLENDING UNITY_ENABLE_DETAIL_NORMALMAP SHADER_API_DESKTOP UNITY_COLORSPACE_GAMMA UNITY_LIGHT_PROBE_PROXY_VOLUME UNITY_LIGHTMAP_FULL_HDR ok=1
Unhandled exception: Protocol error - unexpected end of data (did the Editor crash?)

Quitting shader compiler process
