Base path: /home/chaperone/Unity/Hub/Editor/2019.1.1f1/Editor/Data
Cmd: initializeCompiler
Cmd: compileComputeKernel
  api=15 insize=2059 outsize=1281 ok=1
Cmd: compileComputeKernel
  api=15 insize=1176 outsize=2269 ok=1
Cmd: compileComputeKernel
  api=15 insize=10881 outsize=18281 ok=1
Cmd: compileComputeKernel
  api=15 insize=4855 outsize=18717 ok=1
Cmd: compileComputeKernel
  api=15 insize=18299 outsize=17213 ok=1
Cmd: compileComputeKernel
  api=18 insize=18299 outsize=33305 ok=1
Cmd: compileComputeKernel
  api=18 insize=18299 outsize=57065 ok=1
Cmd: compileComputeKernel
  api=18 insize=3072 outsize=1237 ok=1
Cmd: compileComputeKernel
  api=15 insize=1454 outsize=2161 ok=1
Cmd: compileComputeKernel
  api=18 insize=2044 outsize=4097 ok=1
Cmd: compileSnippet
  api=15 type=1 insize=1449 outsize=0 kw=UNITY_PASS_FORWARDADD SPOT _ALPHABLEND_ON pd=UNITY_ENABLE_REFLECTION_BUFFERS UNITY_USE_DITHER_MASK_FOR_ALPHABLENDED_SHADOWS UNITY_PBS_USE_BRDF1 UNITY_SPECCUBE_BOX_PROJECTION UNITY_SPECCUBE_BLENDING UNITY_ENABLE_DETAIL_NORMALMAP SHADER_API_DESKTOP UNITY_COLORSPACE_GAMMA UNITY_LIGHT_PROBE_PROXY_VOLUME UNITY_LIGHTMAP_FULL_HDR ok=1
