Base path: /home/chaperone/Unity/Hub/Editor/2019.1.1f1/Editor/Data
Cmd: initializeCompiler
Cmd: compileComputeKernel
  api=18 insize=2059 outsize=1233 ok=1
Cmd: compileComputeKernel
  api=18 insize=3070 outsize=198945 ok=1
Cmd: compileComputeKernel
  api=18 insize=10881 outsize=40165 ok=1
Cmd: compileComputeKernel
  api=18 insize=4855 outsize=38041 ok=1
Cmd: compileComputeKernel
  api=15 insize=18299 outsize=24893 ok=1
Cmd: compileComputeKernel
  api=18 insize=18299 outsize=56373 ok=1
Cmd: compileComputeKernel
  api=15 insize=5435 outsize=13637 ok=1
Cmd: compileComputeKernel
  api=15 insize=3072 outsize=3673 ok=1
Cmd: compileComputeKernel
  api=18 insize=1806 outsize=6545 ok=1
Cmd: compileComputeKernel
  api=15 insize=1454 outsize=3965 ok=1
Cmd: compileSnippet
  api=15 type=0 insize=1592 outsize=18746 kw=UNITY_PASS_FORWARDBASE DIRECTIONAL LIGHTPROBE_SH _EMISSION VERTEXLIGHT_ON _ALPHABLEND_ON pd=UNITY_ENABLE_REFLECTION_BUFFERS UNITY_USE_DITHER_MASK_FOR_ALPHABLENDED_SHADOWS UNITY_PBS_USE_BRDF1 UNITY_SPECCUBE_BOX_PROJECTION UNITY_SPECCUBE_BLENDING UNITY_ENABLE_DETAIL_NORMALMAP SHADER_API_DESKTOP UNITY_COLORSPACE_GAMMA UNITY_LIGHT_PROBE_PROXY_VOLUME UNITY_LIGHTMAP_FULL_HDR ok=1
