Base path: /home/chaperone/Unity/Hub/Editor/2019.1.1f1/Editor/Data
Cmd: initializeCompiler
Cmd: compileComputeKernel
  api=18 insize=2059 outsize=7133 ok=1
Cmd: compileComputeKernel
  api=15 insize=3070 outsize=83697 ok=1
Cmd: compileComputeKernel
  api=18 insize=10881 outsize=48685 ok=1
Cmd: compileComputeKernel
  api=15 insize=4855 outsize=7833 ok=1
Cmd: compileComputeKernel
  api=18 insize=4855 outsize=24733 ok=1
Cmd: compileComputeKernel
  api=15 insize=3396 outsize=5505 ok=1
Cmd: compileComputeKernel
  api=15 insize=18299 outsize=16413 ok=1
Cmd: compileComputeKernel
  api=18 insize=18299 outsize=33289 ok=1
Cmd: compileComputeKernel
  api=18 insize=18299 outsize=32873 ok=1
Cmd: compileComputeKernel
  api=15 insize=3072 outsize=1285 ok=1
Cmd: compileComputeKernel
  api=18 insize=1806 outsize=2481 ok=1
Cmd: compileSnippet
  api=15 type=0 insize=1596 outsize=19613 kw=UNITY_PASS_FORWARDBASE DIRECTIONAL SHADOWS_SCREEN LIGHTPROBE_SH VERTEXLIGHT_ON pd=UNITY_ENABLE_REFLECTION_BUFFERS UNITY_USE_DITHER_MASK_FOR_ALPHABLENDED_SHADOWS UNITY_PBS_USE_BRDF1 UNITY_SPECCUBE_BOX_PROJECTION UNITY_SPECCUBE_BLENDING UNITY_ENABLE_DETAIL_NORMALMAP SHADER_API_DESKTOP UNITY_COLORSPACE_GAMMA UNITY_LIGHT_PROBE_PROXY_VOLUME UNITY_LIGHTMAP_FULL_HDR ok=1
